InnoDB: The first specified data file .\ibdata1 did not exist:
InnoDB: a new database to be created!
230404 19:11:11  InnoDB: Setting file .\ibdata1 size to 10 MB
InnoDB: Database physically writes the file full: wait...
230404 19:11:12  InnoDB: Log file .\ib_logfile0 did not exist: new to be created
InnoDB: Setting log file .\ib_logfile0 size to 10 MB
InnoDB: Database physically writes the file full: wait...
230404 19:11:12  InnoDB: Log file .\ib_logfile1 did not exist: new to be created
InnoDB: Setting log file .\ib_logfile1 size to 10 MB
InnoDB: Database physically writes the file full: wait...
InnoDB: Doublewrite buffer not found: creating new
InnoDB: Doublewrite buffer created
InnoDB: Creating foreign key constraint system tables
InnoDB: Foreign key constraint system tables created
230404 19:11:13  InnoDB: Started; log sequence number 0 0
230404 19:11:13 [Note] wampmysqld: ready for connections.
Version: '5.0.51b-community-nt'  socket: ''  port: 3306  MySQL Community Edition (GPL)
InnoDB: The log sequence number in ibdata files does not match
InnoDB: the log sequence number in the ib_logfiles!
230406  1:42:03  InnoDB: Database was not shut down normally!
InnoDB: Starting crash recovery.
InnoDB: Reading tablespace information from the .ibd files...
InnoDB: Restoring possible half-written data pages from the doublewrite
InnoDB: buffer...
230406  1:42:03  InnoDB: Started; log sequence number 0 64483
230406  1:42:04 [Note] wampmysqld: ready for connections.
Version: '5.0.51b-community-nt'  socket: ''  port: 3306  MySQL Community Edition (GPL)
InnoDB: The log sequence number in ibdata files does not match
InnoDB: the log sequence number in the ib_logfiles!
230511 16:25:29  InnoDB: Database was not shut down normally!
InnoDB: Starting crash recovery.
InnoDB: Reading tablespace information from the .ibd files...
InnoDB: Restoring possible half-written data pages from the doublewrite
InnoDB: buffer...
230511 16:25:30  InnoDB: Started; log sequence number 0 64483
230511 16:25:30 [Note] wampmysqld: ready for connections.
Version: '5.0.51b-community-nt'  socket: ''  port: 3306  MySQL Community Edition (GPL)
230511 17:57:30 [Note] wampmysqld: Normal shutdown

230511 17:57:33  InnoDB: Starting shutdown...
230511 17:57:42  InnoDB: Shutdown completed; log sequence number 0 70730
230511 17:57:42 [Note] wampmysqld: Shutdown complete

230511 17:59:13  InnoDB: Started; log sequence number 0 70730
230511 17:59:13 [Note] wampmysqld: ready for connections.
Version: '5.0.51b-community-nt'  socket: ''  port: 3306  MySQL Community Edition (GPL)
230511 18:02:58 [Note] wampmysqld: Normal shutdown

230511 18:02:59  InnoDB: Starting shutdown...
230511 18:03:11  InnoDB: Shutdown completed; log sequence number 0 70730
230511 18:03:25 [Note] wampmysqld: Shutdown complete

230511 18:04:47  InnoDB: Started; log sequence number 0 70730
230511 18:04:47 [Note] wampmysqld: ready for connections.
Version: '5.0.51b-community-nt'  socket: ''  port: 3306  MySQL Community Edition (GPL)
